============================================================
COMMUNITY DETECTION 5/10/2026 9:00:00 PM - DEPRECATED - IGNORE
============================================================

SNAKEMAKE
---------
Inputs: data/graphs/enes_all/ciuo/projection_hidalgo_0.0093.gexf, data/processed/enes_all/nodelist_ciuo_hidalgo_0.0093_pos.csv
Outputs: data/processed/enes_all/nodelist_ciuo_hidalgo_0.0093_pos_leiden.csv, images/enes_all/ciuo/03_communities/_distribution_hidalgo_0.0093_leiden.png, images/enes_all/ciuo/03_communities/_boxplots_hidalgo_0.0093_leiden.png
Params:
Wildcards: enes_all, ciuo, hidalgo, 0.0093, leiden

PARAMETERS
----------
Class: ciuo
Algorithm: leiden
Seed: 28
Modularity: 0.6467
Detected communities: 17

Projection metrics
------------------
Node count: 470
Edge count: 3955
Loop count: 0
Average degree: 16.83
Average weighted degree: 4.44
Average clustering coefficient: 0.5063
Average clustering coefficient ponderado: 0.1369
Diameter (largest component): 7
Connected components: 2

NODELIST WITH COMMUNITIES
-------------------------
Community & Dominant groups (by count) & Mean Female % & Mean Public Sector % & Age median & Income median \\
C00 & 2. Profesionales (16), 5. Trabajadores de servicios y ventas (5), 4. Trabajadores administrativos (3) & 69.81 & 43.76 & 44.00 & 8.70 \\
C01 & 5. Trabajadores de servicios y ventas (14), 9. Operarios no calificados (7), 3. Técnicos (4) & 47.77 & 4.28 & 40.00 & 8.34 \\
C02 & 7. Trabajadores de oficios (29), 8. Operarios calificados (7), 3. Técnicos (5) & 8.65 & 8.59 & 42.00 & 8.67 \\
C03 & 8. Operarios calificados (8), 9. Operarios no calificados (4), 4. Trabajadores administrativos (2) & 21.81 & 28.88 & 41.00 & 8.77 \\
C04 & 3. Técnicos (11), 2. Profesionales (10), 4. Trabajadores administrativos (4) & 67.45 & 32.36 & 44.00 & 8.91 \\
C05 & 7. Trabajadores de oficios (18), 8. Operarios calificados (13), 2. Profesionales (6) & 40.94 & 4.60 & 50.50 & 8.67 \\
C06 & 3. Técnicos (15), 2. Profesionales (10), 4. Trabajadores administrativos (5) & 45.72 & 61.46 & 46.00 & 8.99 \\
C07 & 6. Trabajadores agropecuarios (14), 9. Operarios no calificados (8), 7. Trabajadores de oficios (2) & 21.58 & 7.85 & 51.50 & 8.29 \\
C08 & 7. Trabajadores de oficios (14), 3. Técnicos (8), 8. Operarios calificados (7) & 19.91 & 6.81 & 46.75 & 8.85 \\
C09 & 5. Trabajadores de servicios y ventas (5), 9. Operarios no calificados (5), 3. Técnicos (3) & 37.40 & 23.55 & 49.75 & 8.50 \\
C10 & 2. Profesionales (15), 3. Técnicos (13), 8. Operarios calificados (5) & 29.64 & 34.00 & 44.00 & 9.23 \\
C11 & 2. Profesionales (8), 3. Técnicos (6), 5. Trabajadores de servicios y ventas (5) & 36.96 & 17.38 & 39.75 & 8.52 \\
C12 & 0. Oc. militares (3), 5. Trabajadores de servicios y ventas (3) & 16.39 & 96.06 & 34.75 & 9.00 \\
C13 & 3. Técnicos (10), 4. Trabajadores administrativos (6), 1. Gerentes y directivos (5) & 31.12 & 26.87 & 46.00 & 8.98 \\
C14 & 2. Profesionales (7), 3. Técnicos (7), 4. Trabajadores administrativos (3) & 41.83 & 64.20 & 49.00 & 9.18 \\
C15 & 2. Profesionales (3), 1. Gerentes y directivos (1), 3. Técnicos (1) & 41.54 & 4.51 & 38.75 & 8.65 \\
C16 & 2. Profesionales (4), 1. Gerentes y directivos (3), 3. Técnicos (3) & 61.23 & 43.93 & 48.75 & 9.13 \\
