============================================================
COMMUNITY DETECTION
============================================================

SNAKEMAKE
---------
Inputs: data/graphs/enes_all/ciuo/projection_hidalgo_0.0093.gexf, data/processed/enes_all/nodelist_ciuo_hidalgo_0.0093_pos.csv
Outputs: data/processed/enes_all/nodelist_ciuo_hidalgo_0.0093_pos_leiden.csv, images/enes_all/ciuo/03_communities/_distribution_hidalgo_0.0093_leiden.png, images/enes_all/ciuo/03_communities/_boxplots_hidalgo_0.0093_leiden.png
Params: 
Wildcards: enes_all, ciuo, hidalgo, 0.0093, leiden

PARAMETERS
----------
Class: ciuo
Algorithm: leiden
Seed: 28
Modularity: 0.6540
Detected communities: 17

Projection metrics
------------------
Node count: 470
Edge count: 3955
Loop count: 0
Average degree: 16.83
Average weighted degree: 4.44
Average clustering coefficient: 0.5063
Average clustering coefficient ponderado: 0.1369
Diameter (largest component): 7
Connected components: 2

NODELIST WITH COMMUNITIES
-------------------------
Community & Dominant groups (by count) & Mean Female % & Mean Public Sector % & Age median & Income median \\
C00 & 5. Trabajadores de servicios y ventas (16), 8. Operarios calificados (11), 9. Operarios no calificados (11) & 38.89 & 11.80 & 40.00 & 8.47 \\
C01 & 2. Profesionales (17), 3. Técnicos (3), 5. Trabajadores de servicios y ventas (3) & 67.15 & 51.66 & 42.00 & 8.79 \\
C02 & 7. Trabajadores de oficios (29), 8. Operarios calificados (6), 3. Técnicos (4) & 9.42 & 8.78 & 42.00 & 8.66 \\
C03 & 5. Trabajadores de servicios y ventas (2), 9. Operarios no calificados (1) & 95.76 & 1.42 & 45.00 & 7.90 \\
C04 & 2. Profesionales (11), 3. Técnicos (11), 4. Trabajadores administrativos (6) & 67.90 & 32.06 & 44.00 & 8.87 \\
C05 & 7. Trabajadores de oficios (14), 8. Operarios calificados (13), 3. Técnicos (7) & 40.39 & 6.11 & 49.25 & 8.66 \\
C06 & 3. Técnicos (15), 2. Profesionales (12), 4. Trabajadores administrativos (6) & 44.64 & 59.77 & 45.00 & 8.97 \\
C07 & 6. Trabajadores agropecuarios (14), 9. Operarios no calificados (8), 7. Trabajadores de oficios (5) & 23.22 & 6.80 & 52.75 & 8.34 \\
C08 & 7. Trabajadores de oficios (14), 8. Operarios calificados (8), 3. Técnicos (8) & 20.30 & 6.80 & 47.00 & 8.85 \\
C09 & 5. Trabajadores de servicios y ventas (5), 9. Operarios no calificados (5), 3. Técnicos (4) & 35.62 & 23.60 & 49.50 & 8.51 \\
C10 & 0. Oc. militares (3), 5. Trabajadores de servicios y ventas (3), 3. Técnicos (1) & 28.33 & 90.35 & 35.00 & 9.00 \\
C11 & 2. Profesionales (8), 3. Técnicos (7), 5. Trabajadores de servicios y ventas (5) & 38.02 & 15.63 & 39.50 & 8.52 \\
C12 & 2. Profesionales (12), 3. Técnicos (12), 8. Operarios calificados (4) & 22.14 & 32.68 & 45.00 & 9.29 \\
C13 & 3. Técnicos (10), 1. Gerentes y directivos (6), 2. Profesionales (6) & 28.62 & 24.28 & 46.00 & 9.07 \\
C14 & 3. Técnicos (6), 2. Profesionales (5), 1. Gerentes y directivos (2) & 45.09 & 70.61 & 50.00 & 9.21 \\
C15 & 2. Profesionales (3), 1. Gerentes y directivos (1), 3. Técnicos (1) & 41.54 & 4.51 & 38.75 & 8.65 \\
C16 & 2. Profesionales (4), 1. Gerentes y directivos (3), 3. Técnicos (3) & 61.23 & 43.93 & 48.75 & 9.13 \\
