============================================================
BIPARTITE GRAPH
============================================================

SNAKEMAKE
---------
Inputs: data/processed/enes_all.csv
Outputs: data/graphs/enes_all/bipartite.gexf
Params: 
Wildcards: enes_all

ENES DATA
---------
Rows: 20336
Columns: 10

Bipartite graph metrics
-----------------------
Node count: 615
Edge count: 3111
Loop count: 0
Bipartite density: 0.046092
Average degree: 10.12
Average weighted degree: 100690.89
Average clustering coefficient: 0.0000
Average clustering coefficient ponderado: 0.0000
Diameter (largest component): 7
Average path length (largest component): 0.3712
Connected components: 1
Largest component size: 615 (100.00%)
Degree assortativity: -0.2392
Degree assortativity (weighted): -0.0876

LATEX RESUMEN GRADOS Y FUERZAS
------------------------------
\begin{table}[H]
\centering
\begin{tabular}{lrrrrrrrrr}
\hline
Grupo & n & k\_mean & k\_median & k\_min & k\_max & s\_mean & s\_median & s\_min & s\_max \\
\hline
Sector & 143 & 21.76 & 16.00 & 1.00 & 146.00 & 216520.61 & 73432.43 & 323.00 & 3402308.73 \
Ocupacion & 472 & 6.59 & 4.00 & 1.00 & 86.00 & 65598.41 & 18082.64 & 192.52 & 2258466.00 \
\hline
\end{tabular}
\end{table}
